Printing array elements now...

the process succeeded
toggleState
Printing array elements now...

the process succeeded
Enabling interface ipv6
Disabling interface ipv4
Ignoring interface ipv6
the process succeeded
toggleState
Printing array elements now...

the process succeeded
toggleState
Printing array elements now...

the process succeeded
toggleState
Printing array elements now...

the process succeeded
Printing array elements now...

the process succeeded
Printing array elements now...

the process succeeded
toggleState
Printing array elements now...

the process succeeded
Disabling interface ipv4
the process succeeded
toggleState
Printing array elements now...


the process succeeded
Enabling interface ipv6
Ignoring interface ipv4
Ignoring interface ipv6
the process succeeded
toggleState
Printing array elements now...

the process succeeded
toggleState
Printing array elements now...

the process succeeded
Printing array elements now...

the process succeeded
toggleState
Printing array elements now...

the process succeeded
toggleState
Printing array elements now...

the process succeeded
toggleState
Printing array elements now...

the process succeeded
